%!Adobe-FontList 1.14
%Locale:0x415

%BeginFont
Handler:DirectoryHandler
FontType:Invalid
OutlineFileName:C:\Users\Mateusz\Desktop\Studia\CV\Font\addrm.eot
FileModTime:1590733658
%EndFont

%BeginFont
Handler:DirectoryHandler
FontType:Invalid
OutlineFileName:C:\Users\Mateusz\Desktop\Studia\CV\Font\addrm.svg
FileModTime:1590733658
%EndFont

%BeginFont
Handler:DirectoryHandler
FontType:TrueType
FontName:addrm
FamilyName:addrm
StyleName:Regular
FullName:addrm
MenuName:addrm
StyleBits:0
WritingScript:Roman
OutlineFileName:C:\Users\Mateusz\Desktop\Studia\CV\Font\addrm.ttf
DataFormat:sfntData
FileLength:5276
FileModTime:1590733658
WeightClass:400
WidthClass:5
AngleClass:0
%EndFont

%BeginFont
Handler:DirectoryHandler
FontType:Invalid
OutlineFileName:C:\Users\Mateusz\Desktop\Studia\CV\Font\addrm.woff
FileModTime:1590733658
%EndFont

%BeginFont
Handler:DirectoryHandler
FontType:Invalid
OutlineFileName:C:\Users\Mateusz\Desktop\Studia\CV\Font\addrm.woff2
FileModTime:1590733658
%EndFont

